<?xml version="1.0" encoding="UTF-8"?>
<testsuite xmlns:xsi="http://www.w3.org/2001/XMLSchema-instance" xsi:noNamespaceSchemaLocation="https://maven.apache.org/surefire/maven-surefire-plugin/xsd/surefire-test-report.xsd" version="3.0.2" name="worker.WorkerTest$UpdateVote" time="0.576" tests="3" errors="0" skipped="0" failures="0">
  <properties>
[...]
</properties>
  <testcase name="updatesOnUniqueViolation" classname="worker.WorkerTest$UpdateVote" time="0.566"/>
  <testcase name="insertsANewVote" classname="worker.WorkerTest$UpdateVote" time="0.001"/>
  <testcase name="propagatesFailuresFromTheFallbackUpdate" classname="worker.WorkerTest$UpdateVote" time="0.004"/>
</testsuite>